0 info it worked if it ends with ok
1 verbose cli [ 'D:\\shishuNode\\nodejs\\\\node.exe',
1 verbose cli   'D:\\shishuNode\\nodejs\\node_modules\\npm\\bin\\npm-cli.js',
1 verbose cli   'install',
1 verbose cli   'express3-handlebars',
1 verbose cli   '--save' ]
2 info using npm@1.4.28
3 info using node@v0.10.34
4 verbose node symlink D:\shishuNode\nodejs\\node.exe
5 verbose cache add [ 'express3-handlebars', null ]
6 verbose cache add name=undefined spec="express3-handlebars" args=["express3-handlebars",null]
7 verbose parsed url { protocol: null,
7 verbose parsed url   slashes: null,
7 verbose parsed url   auth: null,
7 verbose parsed url   host: null,
7 verbose parsed url   port: null,
7 verbose parsed url   hostname: null,
7 verbose parsed url   hash: null,
7 verbose parsed url   search: null,
7 verbose parsed url   query: null,
7 verbose parsed url   pathname: 'express3-handlebars',
7 verbose parsed url   path: 'express3-handlebars',
7 verbose parsed url   href: 'express3-handlebars' }
8 silly lockFile aef5cd92-express3-handlebars express3-handlebars
9 verbose lock express3-handlebars C:\Users\Arvind\AppData\Roaming\npm-cache\aef5cd92-express3-handlebars.lock
10 silly lockFile aef5cd92-express3-handlebars express3-handlebars
11 silly lockFile aef5cd92-express3-handlebars express3-handlebars
12 verbose addNamed [ 'express3-handlebars', '' ]
13 verbose addNamed [ null, '*' ]
14 silly lockFile ca621f6c-express3-handlebars express3-handlebars@
15 verbose lock express3-handlebars@ C:\Users\Arvind\AppData\Roaming\npm-cache\ca621f6c-express3-handlebars.lock
16 silly addNameRange { name: 'express3-handlebars', range: '*', hasData: false }
17 verbose request where is /express3-handlebars
18 verbose request registry https://registry.npmjs.org/
19 verbose request id cf2370dc8c7265fb
20 verbose url raw /express3-handlebars
21 verbose url resolving [ 'https://registry.npmjs.org/', './express3-handlebars' ]
22 verbose url resolved https://registry.npmjs.org/express3-handlebars
23 verbose request where is https://registry.npmjs.org/express3-handlebars
24 info trying registry request attempt 1 at 23:37:53
25 http GET https://registry.npmjs.org/express3-handlebars
26 http 200 https://registry.npmjs.org/express3-handlebars
27 silly registry.get cb [ 200,
27 silly registry.get   { date: 'Tue, 23 Dec 2014 18:08:04 GMT',
27 silly registry.get     server: 'CouchDB/1.5.0 (Erlang OTP/R16B03)',
27 silly registry.get     etag: '"3T6BSTQT798W9AWYERDVKU6CX"',
27 silly registry.get     'content-type': 'application/json',
27 silly registry.get     'cache-control': 'max-age=60',
27 silly registry.get     'content-length': '41870',
27 silly registry.get     'accept-ranges': 'bytes',
27 silly registry.get     via: '1.1 varnish',
27 silly registry.get     age: '0',
27 silly registry.get     'x-served-by': 'cache-sn89-SIN',
27 silly registry.get     'x-cache': 'MISS',
27 silly registry.get     'x-cache-hits': '0',
27 silly registry.get     'x-timer': 'S1419358084.051024,VS0,VE241',
27 silly registry.get     vary: 'Accept',
27 silly registry.get     'keep-alive': 'timeout=10, max=50',
27 silly registry.get     connection: 'Keep-Alive' } ]
28 silly addNameRange number 2 { name: 'express3-handlebars', range: '*', hasData: true }
29 silly addNameRange versions [ 'express3-handlebars',
29 silly addNameRange   [ '0.1.0',
29 silly addNameRange     '0.1.1',
29 silly addNameRange     '0.1.2',
29 silly addNameRange     '0.2.0',
29 silly addNameRange     '0.2.1',
29 silly addNameRange     '0.2.2',
29 silly addNameRange     '0.2.3',
29 silly addNameRange     '0.3.0',
29 silly addNameRange     '0.3.1',
29 silly addNameRange     '0.3.2',
29 silly addNameRange     '0.3.3',
29 silly addNameRange     '0.4.0',
29 silly addNameRange     '0.4.1',
29 silly addNameRange     '0.5.0',
29 silly addNameRange     '0.5.1',
29 silly addNameRange     '0.5.2' ] ]
30 verbose addNamed [ 'express3-handlebars', '0.5.2' ]
31 verbose addNamed [ '0.5.2', '0.5.2' ]
32 silly lockFile c8e4a9f3-express3-handlebars-0-5-2 express3-handlebars@0.5.2
33 verbose lock express3-handlebars@0.5.2 C:\Users\Arvind\AppData\Roaming\npm-cache\c8e4a9f3-express3-handlebars-0-5-2.lock
34 warn deprecated express3-handlebars@0.5.2: THIS PACKAGE HAS BEEN RENAMED TO: express-handlebars
35 silly lockFile 10e37745-rs-express3-handlebars-0-5-2-tgz https://registry.npmjs.org/express3-handlebars/-/express3-handlebars-0.5.2.tgz
36 verbose lock https://registry.npmjs.org/express3-handlebars/-/express3-handlebars-0.5.2.tgz C:\Users\Arvind\AppData\Roaming\npm-cache\10e37745-rs-express3-handlebars-0-5-2-tgz.lock
37 verbose addRemoteTarball [ 'https://registry.npmjs.org/express3-handlebars/-/express3-handlebars-0.5.2.tgz',
37 verbose addRemoteTarball   '953a8c2f643fdcd4ef1c75f7a1bccd01930ac18c' ]
38 info retry fetch attempt 1 at 23:38:08
39 verbose fetch to= C:\Users\Arvind\AppData\Local\Temp\npm-5964-EPnEJ_HN\registry.npmjs.org\express3-handlebars\-\express3-handlebars-0.5.2.tgz
40 http GET https://registry.npmjs.org/express3-handlebars/-/express3-handlebars-0.5.2.tgz
41 http 200 https://registry.npmjs.org/express3-handlebars/-/express3-handlebars-0.5.2.tgz
42 silly lockFile 10e37745-rs-express3-handlebars-0-5-2-tgz https://registry.npmjs.org/express3-handlebars/-/express3-handlebars-0.5.2.tgz
43 silly lockFile 10e37745-rs-express3-handlebars-0-5-2-tgz https://registry.npmjs.org/express3-handlebars/-/express3-handlebars-0.5.2.tgz
44 silly lockFile c8e4a9f3-express3-handlebars-0-5-2 express3-handlebars@0.5.2
45 silly lockFile c8e4a9f3-express3-handlebars-0-5-2 express3-handlebars@0.5.2
46 silly lockFile ca621f6c-express3-handlebars express3-handlebars@
47 silly lockFile ca621f6c-express3-handlebars express3-handlebars@
48 error Error: shasum check failed for C:\Users\Arvind\AppData\Local\Temp\npm-5964-EPnEJ_HN\registry.npmjs.org\express3-handlebars\-\express3-handlebars-0.5.2.tgz
48 error Expected: 953a8c2f643fdcd4ef1c75f7a1bccd01930ac18c
48 error Actual:   1b4167c1782dc1ce1b36c6d48004a5f6d29c992c
48 error From:     https://registry.npmjs.org/express3-handlebars/-/express3-handlebars-0.5.2.tgz
48 error     at D:\shishuNode\nodejs\node_modules\npm\node_modules\sha\index.js:38:8
48 error     at ReadStream.<anonymous> (D:\shishuNode\nodejs\node_modules\npm\node_modules\sha\index.js:85:7)
48 error     at ReadStream.emit (events.js:117:20)
48 error     at _stream_readable.js:944:16
48 error     at process._tickCallback (node.js:442:13)
49 error If you need help, you may report this *entire* log,
49 error including the npm and node versions, at:
49 error     <http://github.com/npm/npm/issues>
50 error System Windows_NT 6.1.7600
51 error command "D:\\shishuNode\\nodejs\\\\node.exe" "D:\\shishuNode\\nodejs\\node_modules\\npm\\bin\\npm-cli.js" "install" "express3-handlebars" "--save"
52 error cwd D:\shishuNode\MyApp\Projects
53 error node -v v0.10.34
54 error npm -v 1.4.28
55 verbose exit [ 1, true ]
